<?xml version="1.0" encoding="UTF-8"?>
<coverage generated="1673504429358" clover="3.2.0">
  <project timestamp="1673504429358" name="All files">
    <metrics statements="13" coveredstatements="13" conditionals="2" coveredconditionals="2" methods="7" coveredmethods="7" elements="22" coveredelements="22" complexity="0" loc="13" ncloc="13" packages="4" files="8" classes="8"/>
    <package name="components.NewsTags">
      <metrics statements="4" coveredstatements="4" conditionals="0" coveredconditionals="0" methods="3" coveredmethods="3"/>
      <file name="NewsTags.tsx" path="C:\Users\internuser\Desktop\workspace\Practice\react-native\NewsFeed\src\components\NewsTags\NewsTags.tsx">
        <metrics statements="4" coveredstatements="4" conditionals="0" coveredconditionals="0" methods="3" coveredmethods="3"/>
        <line num="12" count="1" type="stmt"/>
        <line num="16" count="1" type="stmt"/>
        <line num="21" count="7" type="stmt"/>
        <line num="23" count="7" type="stmt"/>
      </file>
      <file name="index.ts" path="C:\Users\internuser\Desktop\workspace\Practice\react-native\NewsFeed\src\components\NewsTags\index.ts">
        <metrics statements="0" coveredstatements="0" conditionals="0" coveredconditionals="0" methods="0" coveredmethods="0"/>
      </file>
      <file name="styles.ts" path="C:\Users\internuser\Desktop\workspace\Practice\react-native\NewsFeed\src\components\NewsTags\styles.ts">
        <metrics statements="0" coveredstatements="0" conditionals="0" coveredconditionals="0" methods="0" coveredmethods="0"/>
      </file>
    </package>
    <package name="components.Tag">
      <metrics statements="7" coveredstatements="7" conditionals="2" coveredconditionals="2" methods="3" coveredmethods="3"/>
      <file name="Tag.tsx" path="C:\Users\internuser\Desktop\workspace\Practice\react-native\NewsFeed\src\components\Tag\Tag.tsx">
        <metrics statements="6" coveredstatements="6" conditionals="2" coveredconditionals="2" methods="2" coveredmethods="2"/>
        <line num="12" count="2" type="stmt"/>
        <line num="18" count="8" type="stmt"/>
        <line num="19" count="8" type="stmt"/>
        <line num="21" count="8" type="stmt"/>
        <line num="22" count="1" type="stmt"/>
        <line num="27" count="8" type="stmt"/>
      </file>
      <file name="index.ts" path="C:\Users\internuser\Desktop\workspace\Practice\react-native\NewsFeed\src\components\Tag\index.ts">
        <metrics statements="0" coveredstatements="0" conditionals="0" coveredconditionals="0" methods="0" coveredmethods="0"/>
      </file>
      <file name="styles.ts" path="C:\Users\internuser\Desktop\workspace\Practice\react-native\NewsFeed\src\components\Tag\styles.ts">
        <metrics statements="1" coveredstatements="1" conditionals="0" coveredconditionals="0" methods="1" coveredmethods="1"/>
        <line num="3" count="8" type="stmt"/>
      </file>
    </package>
    <package name="helpers">
      <metrics statements="1" coveredstatements="1" conditionals="0" coveredconditionals="0" methods="0" coveredmethods="0"/>
      <file name="constants.ts" path="C:\Users\internuser\Desktop\workspace\Practice\react-native\NewsFeed\src\helpers\constants.ts">
        <metrics statements="1" coveredstatements="1" conditionals="0" coveredconditionals="0" methods="0" coveredmethods="0"/>
        <line num="5" count="1" type="stmt"/>
      </file>
    </package>
    <package name="hooks">
      <metrics statements="1" coveredstatements="1" conditionals="0" coveredconditionals="0" methods="1" coveredmethods="1"/>
      <file name="useAppTheme.ts" path="C:\Users\internuser\Desktop\workspace\Practice\react-native\NewsFeed\src\hooks\useAppTheme.ts">
        <metrics statements="1" coveredstatements="1" conditionals="0" coveredconditionals="0" methods="1" coveredmethods="1"/>
        <line num="6" count="8" type="stmt"/>
      </file>
    </package>
  </project>
</coverage>
