{"C:\\Users\\internuser\\Desktop\\workspace\\Practice\\react-native\\NewsFeed\\src\\components\\NewsTags\\NewsTags.tsx": {"path":"C:\\Users\\internuser\\Desktop\\workspace\\Practice\\react-native\\NewsFeed\\src\\components\\NewsTags\\NewsTags.tsx","statementMap":{"0":{"start":{"line":12,"column":43},"end":{"line":33,"column":1}},"1":{"start":{"line":16,"column":2},"end":{"line":32,"column":4}},"2":{"start":{"line":21,"column":38},"end":{"line":21,"column":42}},"3":{"start":{"line":23,"column":8},"end":{"line":27,"column":10}}},"fnMap":{"0":{"name":"(anonymous_0)","decl":{"start":{"line":12,"column":43},"end":{"line":12,"column":44}},"loc":{"start":{"line":15,"column":6},"end":{"line":33,"column":1}},"line":15},"1":{"name":"(anonymous_1)","decl":{"start":{"line":21,"column":20},"end":{"line":21,"column":21}},"loc":{"start":{"line":21,"column":38},"end":{"line":21,"column":42}},"line":21},"2":{"name":"(anonymous_2)","decl":{"start":{"line":22,"column":18},"end":{"line":22,"column":19}},"loc":{"start":{"line":23,"column":8},"end":{"line":27,"column":10}},"line":23}},"branchMap":{},"s":{"0":1,"1":1,"2":7,"3":7},"f":{"0":1,"1":7,"2":7},"b":{},"_coverageSchema":"1a1c01bbd47fc00a2c39e90264f33305004495a9","hash":"c6b4b204dc439297619345f1949f46bd024872bc"}
,"C:\\Users\\internuser\\Desktop\\workspace\\Practice\\react-native\\NewsFeed\\src\\components\\NewsTags\\index.ts": {"path":"C:\\Users\\internuser\\Desktop\\workspace\\Practice\\react-native\\NewsFeed\\src\\components\\NewsTags\\index.ts","statementMap":{},"fnMap":{},"branchMap":{},"s":{},"f":{},"b":{},"_coverageSchema":"1a1c01bbd47fc00a2c39e90264f33305004495a9","hash":"a01609c4ff36e3c5aa855733660488316e830282"}
,"C:\\Users\\internuser\\Desktop\\workspace\\Practice\\react-native\\NewsFeed\\src\\components\\NewsTags\\styles.ts": {"path":"C:\\Users\\internuser\\Desktop\\workspace\\Practice\\react-native\\NewsFeed\\src\\components\\NewsTags\\styles.ts","statementMap":{},"fnMap":{},"branchMap":{},"s":{},"f":{},"b":{},"_coverageSchema":"1a1c01bbd47fc00a2c39e90264f33305004495a9","hash":"b28e1c0a732a2ef78a8135dea97e775504a9d69a"}
,"C:\\Users\\internuser\\Desktop\\workspace\\Practice\\react-native\\NewsFeed\\src\\components\\Tag\\Tag.tsx": {"path":"C:\\Users\\internuser\\Desktop\\workspace\\Practice\\react-native\\NewsFeed\\src\\components\\Tag\\Tag.tsx","statementMap":{"0":{"start":{"line":12,"column":33},"end":{"line":37,"column":1}},"1":{"start":{"line":18,"column":16},"end":{"line":18,"column":29}},"2":{"start":{"line":19,"column":16},"end":{"line":19,"column":29}},"3":{"start":{"line":21,"column":22},"end":{"line":23,"column":37}},"4":{"start":{"line":22,"column":4},"end":{"line":22,"column":34}},"5":{"start":{"line":27,"column":2},"end":{"line":36,"column":4}}},"fnMap":{"0":{"name":"(anonymous_0)","decl":{"start":{"line":12,"column":33},"end":{"line":12,"column":34}},"loc":{"start":{"line":16,"column":6},"end":{"line":37,"column":1}},"line":16},"1":{"name":"(anonymous_1)","decl":{"start":{"line":21,"column":34},"end":{"line":21,"column":35}},"loc":{"start":{"line":21,"column":40},"end":{"line":23,"column":3}},"line":21}},"branchMap":{"0":{"loc":{"start":{"line":29,"column":31},"end":{"line":29,"column":78}},"type":"binary-expr","locations":[{"start":{"line":29,"column":31},"end":{"line":29,"column":60}},{"start":{"line":29,"column":64},"end":{"line":29,"column":78}}],"line":29}},"s":{"0":2,"1":8,"2":8,"3":8,"4":1,"5":8},"f":{"0":8,"1":1},"b":{"0":[8,2]},"_coverageSchema":"1a1c01bbd47fc00a2c39e90264f33305004495a9","hash":"be64a13678bc6c3caa2040d1cc1a16089a59cbec"}
,"C:\\Users\\internuser\\Desktop\\workspace\\Practice\\react-native\\NewsFeed\\src\\components\\Tag\\index.ts": {"path":"C:\\Users\\internuser\\Desktop\\workspace\\Practice\\react-native\\NewsFeed\\src\\components\\Tag\\index.ts","statementMap":{},"fnMap":{},"branchMap":{},"s":{},"f":{},"b":{},"_coverageSchema":"1a1c01bbd47fc00a2c39e90264f33305004495a9","hash":"389e0e9c526ea6df22a3c5e6018b3045dff3767e"}
,"C:\\Users\\internuser\\Desktop\\workspace\\Practice\\react-native\\NewsFeed\\src\\components\\Tag\\styles.ts": {"path":"C:\\Users\\internuser\\Desktop\\workspace\\Practice\\react-native\\NewsFeed\\src\\components\\Tag\\styles.ts","statementMap":{"0":{"start":{"line":3,"column":2},"end":{"line":24,"column":4}}},"fnMap":{"0":{"name":"(anonymous_0)","decl":{"start":{"line":2,"column":15},"end":{"line":2,"column":16}},"loc":{"start":{"line":3,"column":2},"end":{"line":24,"column":4}},"line":3}},"branchMap":{},"s":{"0":8},"f":{"0":8},"b":{},"_coverageSchema":"1a1c01bbd47fc00a2c39e90264f33305004495a9","hash":"52970436ed3106d9c1b65770d27452f167694dfb"}
,"C:\\Users\\internuser\\Desktop\\workspace\\Practice\\react-native\\NewsFeed\\src\\helpers\\constants.ts": {"path":"C:\\Users\\internuser\\Desktop\\workspace\\Practice\\react-native\\NewsFeed\\src\\helpers\\constants.ts","statementMap":{"0":{"start":{"line":5,"column":47},"end":{"line":13,"column":1}}},"fnMap":{},"branchMap":{},"s":{"0":1},"f":{},"b":{},"_coverageSchema":"1a1c01bbd47fc00a2c39e90264f33305004495a9","hash":"d6d26bc74e63895fdb5ca8eee8d317a67dcc145b"}
,"C:\\Users\\internuser\\Desktop\\workspace\\Practice\\react-native\\NewsFeed\\src\\hooks\\useAppTheme.ts": {"path":"C:\\Users\\internuser\\Desktop\\workspace\\Practice\\react-native\\NewsFeed\\src\\hooks\\useAppTheme.ts","statementMap":{"0":{"start":{"line":6,"column":27},"end":{"line":6,"column":53}},"1":{"start":{"line":6,"column":33},"end":{"line":6,"column":53}}},"fnMap":{"0":{"name":"(anonymous_0)","decl":{"start":{"line":6,"column":27},"end":{"line":6,"column":28}},"loc":{"start":{"line":6,"column":33},"end":{"line":6,"column":53}},"line":6}},"branchMap":{},"s":{"0":2,"1":8},"f":{"0":8},"b":{},"_coverageSchema":"1a1c01bbd47fc00a2c39e90264f33305004495a9","hash":"07de17248e8ac40e34099c6512a114bd084dfa26"}
}
