TN:
SF:src\components\NewsTags\NewsTags.tsx
FN:12,(anonymous_0)
FN:21,(anonymous_1)
FN:22,(anonymous_2)
FNF:3
FNH:3
FNDA:1,(anonymous_0)
FNDA:7,(anonymous_1)
FNDA:7,(anonymous_2)
DA:12,1
DA:16,1
DA:21,7
DA:23,7
LF:4
LH:4
BRF:0
BRH:0
end_of_record
TN:
SF:src\components\NewsTags\index.ts
FNF:0
FNH:0
LF:0
LH:0
BRF:0
BRH:0
end_of_record
TN:
SF:src\components\NewsTags\styles.ts
FNF:0
FNH:0
LF:0
LH:0
BRF:0
BRH:0
end_of_record
TN:
SF:src\components\Tag\Tag.tsx
FN:12,(anonymous_0)
FN:21,(anonymous_1)
FNF:2
FNH:2
FNDA:8,(anonymous_0)
FNDA:1,(anonymous_1)
DA:12,2
DA:18,8
DA:19,8
DA:21,8
DA:22,1
DA:27,8
LF:6
LH:6
BRDA:29,0,0,8
BRDA:29,0,1,2
BRF:2
BRH:2
end_of_record
TN:
SF:src\components\Tag\index.ts
FNF:0
FNH:0
LF:0
LH:0
BRF:0
BRH:0
end_of_record
TN:
SF:src\components\Tag\styles.ts
FN:2,(anonymous_0)
FNF:1
FNH:1
FNDA:8,(anonymous_0)
DA:3,8
LF:1
LH:1
BRF:0
BRH:0
end_of_record
TN:
SF:src\helpers\constants.ts
FNF:0
FNH:0
DA:5,1
LF:1
LH:1
BRF:0
BRH:0
end_of_record
TN:
SF:src\hooks\useAppTheme.ts
FN:6,(anonymous_0)
FNF:1
FNH:1
FNDA:8,(anonymous_0)
DA:6,8
LF:1
LH:1
BRF:0
BRH:0
end_of_record
